<?xml version="1.0" encoding="UTF-8"?>
<!-- Generated by org.testng.reporters.JUnitXMLReporter -->
<testsuite hostname="chclass14" name="Default test" tests="3" failures="0" timestamp="22 Jun 2015 16:40:06 GMT" time="0.022" errors="0">
  <testcase name="setString" time="0.005" classname="menu.IngredientTest"/>
  <testcase name="underZeroPriceValue" time="0.001" classname="menu.IngredientTest"/>
  <testcase name="zeroPriceValue" time="0.0" classname="menu.IngredientTest"/>
</testsuite> <!-- Default test -->
