<?xml version="1.0" encoding="UTF-8"?>
<!-- Generated by org.testng.reporters.JUnitXMLReporter -->
<testsuite hostname="chclass14" name="Default test" tests="6" failures="0" timestamp="23 Jun 2015 13:14:19 GMT" time="0.044" errors="0">
  <testcase name="setString" time="0.007" classname="menu.IngredientTest"/>
  <testcase name="underZeroPriceValue" time="0.002" classname="menu.IngredientTest"/>
  <testcase name="validPriceValue" time="0.001" classname="menu.IngredientTest"/>
  <testcase name="validTitleValue" time="0.001" classname="menu.IngredientTest"/>
  <testcase name="validValue" time="0.0" classname="menu.IngredientTest"/>
  <testcase name="zeroPriceValue" time="0.0" classname="menu.IngredientTest"/>
</testsuite> <!-- Default test -->
