<?xml version="1.0" encoding="UTF-8"?>
<testng-results skipped="0" failed="0" total="6" passed="6">
  <reporter-output>
  </reporter-output>
  <suite name="Default suite" duration-ms="44" started-at="2015-06-23T13:14:19Z" finished-at="2015-06-23T13:14:19Z">
    <groups>
      <group name="group1">
        <method signature="IngredientTest.underZeroPriceValue()[pri:0, instance:menu.IngredientTest@25a6cc45]" name="underZeroPriceValue" class="menu.IngredientTest"/>
        <method signature="IngredientTest.validPriceValue()[pri:0, instance:menu.IngredientTest@25a6cc45]" name="validPriceValue" class="menu.IngredientTest"/>
        <method signature="IngredientTest.zeroPriceValue()[pri:0, instance:menu.IngredientTest@25a6cc45]" name="zeroPriceValue" class="menu.IngredientTest"/>
      </group> <!-- group1 -->
      <group name="group2">
        <method signature="IngredientTest.setString()[pri:0, instance:menu.IngredientTest@25a6cc45]" name="setString" class="menu.IngredientTest"/>
        <method signature="IngredientTest.validTitleValue()[pri:0, instance:menu.IngredientTest@25a6cc45]" name="validTitleValue" class="menu.IngredientTest"/>
        <method signature="IngredientTest.validValue()[pri:0, instance:menu.IngredientTest@25a6cc45]" name="validValue" class="menu.IngredientTest"/>
      </group> <!-- group2 -->
    </groups>
    <test name="Default test" duration-ms="44" started-at="2015-06-23T13:14:19Z" finished-at="2015-06-23T13:14:19Z">
      <class name="menu.IngredientTest">
        <test-method status="PASS" signature="beforeTest()[pri:0, instance:menu.IngredientTest@25a6cc45]" name="beforeTest" is-config="true" duration-ms="15" started-at="2015-06-23T16:14:19Z" finished-at="2015-06-23T16:14:19Z">
          <reporter-output>
          </reporter-output>
        </test-method> <!-- beforeTest -->
        <test-method status="PASS" signature="setString()[pri:0, instance:menu.IngredientTest@25a6cc45]" name="setString" duration-ms="7" started-at="2015-06-23T16:14:19Z" finished-at="2015-06-23T16:14:19Z">
          <reporter-output>
          </reporter-output>
        </test-method> <!-- setString -->
        <test-method status="PASS" signature="underZeroPriceValue()[pri:0, instance:menu.IngredientTest@25a6cc45]" name="underZeroPriceValue" duration-ms="2" started-at="2015-06-23T16:14:19Z" finished-at="2015-06-23T16:14:19Z">
          <reporter-output>
          </reporter-output>
        </test-method> <!-- underZeroPriceValue -->
        <test-method status="PASS" signature="validPriceValue()[pri:0, instance:menu.IngredientTest@25a6cc45]" name="validPriceValue" duration-ms="1" started-at="2015-06-23T16:14:19Z" finished-at="2015-06-23T16:14:19Z">
          <reporter-output>
          </reporter-output>
        </test-method> <!-- validPriceValue -->
        <test-method status="PASS" signature="validTitleValue()[pri:0, instance:menu.IngredientTest@25a6cc45]" name="validTitleValue" duration-ms="1" started-at="2015-06-23T16:14:19Z" finished-at="2015-06-23T16:14:19Z">
          <reporter-output>
          </reporter-output>
        </test-method> <!-- validTitleValue -->
        <test-method status="PASS" signature="validValue()[pri:0, instance:menu.IngredientTest@25a6cc45]" name="validValue" duration-ms="0" started-at="2015-06-23T16:14:19Z" finished-at="2015-06-23T16:14:19Z">
          <reporter-output>
          </reporter-output>
        </test-method> <!-- validValue -->
        <test-method status="PASS" signature="zeroPriceValue()[pri:0, instance:menu.IngredientTest@25a6cc45]" name="zeroPriceValue" duration-ms="0" started-at="2015-06-23T16:14:19Z" finished-at="2015-06-23T16:14:19Z">
          <reporter-output>
          </reporter-output>
        </test-method> <!-- zeroPriceValue -->
        <test-method status="PASS" signature="afterClass()[pri:0, instance:menu.IngredientTest@25a6cc45]" name="afterClass" is-config="true" duration-ms="0" started-at="2015-06-23T16:14:19Z" finished-at="2015-06-23T16:14:19Z">
          <reporter-output>
          </reporter-output>
        </test-method> <!-- afterClass -->
      </class> <!-- menu.IngredientTest -->
    </test> <!-- Default test -->
  </suite> <!-- Default suite -->
</testng-results>
