<?xml version="1.0" encoding="UTF-8"?>
<testng-results skipped="0" failed="0" total="3" passed="3">
  <reporter-output>
  </reporter-output>
  <suite name="Default suite" duration-ms="22" started-at="2015-06-22T16:40:06Z" finished-at="2015-06-22T16:40:06Z">
    <groups>
      <group name="group1">
        <method signature="IngredientTest.setString()[pri:0, instance:menu.IngredientTest@2855e552]" name="setString" class="menu.IngredientTest"/>
        <method signature="IngredientTest.underZeroPriceValue()[pri:0, instance:menu.IngredientTest@2855e552]" name="underZeroPriceValue" class="menu.IngredientTest"/>
        <method signature="IngredientTest.zeroPriceValue()[pri:0, instance:menu.IngredientTest@2855e552]" name="zeroPriceValue" class="menu.IngredientTest"/>
      </group> <!-- group1 -->
    </groups>
    <test name="Default test" duration-ms="22" started-at="2015-06-22T16:40:06Z" finished-at="2015-06-22T16:40:06Z">
      <class name="menu.IngredientTest">
        <test-method status="PASS" signature="beforeTest()[pri:0, instance:menu.IngredientTest@2855e552]" name="beforeTest" is-config="true" duration-ms="6" started-at="2015-06-22T19:40:06Z" finished-at="2015-06-22T19:40:06Z">
          <reporter-output>
          </reporter-output>
        </test-method> <!-- beforeTest -->
        <test-method status="PASS" signature="setString()[pri:0, instance:menu.IngredientTest@2855e552]" name="setString" duration-ms="5" started-at="2015-06-22T19:40:06Z" finished-at="2015-06-22T19:40:06Z">
          <reporter-output>
          </reporter-output>
        </test-method> <!-- setString -->
        <test-method status="PASS" signature="underZeroPriceValue()[pri:0, instance:menu.IngredientTest@2855e552]" name="underZeroPriceValue" duration-ms="1" started-at="2015-06-22T19:40:06Z" finished-at="2015-06-22T19:40:06Z">
          <reporter-output>
          </reporter-output>
        </test-method> <!-- underZeroPriceValue -->
        <test-method status="PASS" signature="zeroPriceValue()[pri:0, instance:menu.IngredientTest@2855e552]" name="zeroPriceValue" duration-ms="0" started-at="2015-06-22T19:40:06Z" finished-at="2015-06-22T19:40:06Z">
          <reporter-output>
          </reporter-output>
        </test-method> <!-- zeroPriceValue -->
        <test-method status="PASS" signature="afterClass()[pri:0, instance:menu.IngredientTest@2855e552]" name="afterClass" is-config="true" duration-ms="1" started-at="2015-06-22T19:40:06Z" finished-at="2015-06-22T19:40:06Z">
          <reporter-output>
          </reporter-output>
        </test-method> <!-- afterClass -->
      </class> <!-- menu.IngredientTest -->
    </test> <!-- Default test -->
  </suite> <!-- Default suite -->
</testng-results>
